----------------------------------------------------------------
Mon Aug 27 19:46:53 CEST 2012:
Booting Derby version The Apache Software Foundation - Apache Derby - 10.9.1.0 - (1344872): instance a816c00e-0139-6931-7948-0000034a7cc8 
on database directory /Users/ms/mdr/data  with class loader WebAppClassLoader=308587341@1264ab4d 
Loaded from file:/private/var/folders/h7/c9bk5d751tn6kwp3gytnq61m0000gn/T/jetty-0.0.0.0-8080-ItemDesigner.war-_-any-/webapp/WEB-INF/lib/derby.jar
java.vendor=Apple Inc.
java.runtime.version=1.6.0_29-b11-402-12A269
user.dir=/Users/ms/Development/Projects/XClinical/mdr/tools/jetty-distribution-8.0.4.v20111024
derby.system.home=null
Database Class Loader started - derby.database.classpath=''
Mon Aug 27 20:07:21 CEST 2012 Thread[qtp820791943-13 - /itemdesigner/mdr/importDocument,5,main] (XID = 10445), (SESSIONID = 1), (DATABASE = /Users/ms/mdr/data), (DRDAID = null), Cleanup action starting
Mon Aug 27 20:07:21 CEST 2012 Thread[qtp820791943-13 - /itemdesigner/mdr/importDocument,5,main] (XID = 10445), (SESSIONID = 1), (DATABASE = /Users/ms/mdr/data), (DRDAID = null), Failed Statement is: select definition1_.id as id13_, definition1_.item_id as item3_13_, definition1_.language_id as language4_13_, definition1_.sourceReference_id as sourceRe5_13_, definition1_.text as text13_ from DEFINITION_CONTEXT definition0_ inner join DEFINITION definition1_ on definition0_.definition_id=definition1_.id, DEFINITION definition2_ where definition0_.definition_id=definition2_.id and definition0_.context_id=? and definition2_.text=? fetch first 2 rows only with 2 parameters begin parameter #1: 294915 :end parameter begin parameter #2: C00-C75 :end parameter 
ERROR 08000: Connection closed by unknown interrupt.
	at org.apache.derby.iapi.error.StandardException.newException(Unknown Source)
	at org.apache.derby.iapi.util.InterruptStatus.setInterrupted(Unknown Source)
	at org.apache.derby.iapi.util.InterruptStatus.throwIf(Unknown Source)
	at org.apache.derby.impl.sql.execute.BasicNoPutResultSetImpl.checkCancellationFlag(Unknown Source)
	at org.apache.derby.impl.sql.execute.TableScanResultSet.getNextRowCore(Unknown Source)
	at org.apache.derby.impl.sql.execute.IndexRowToBaseRowResultSet.getNextRowCore(Unknown Source)
	at org.apache.derby.impl.sql.execute.ProjectRestrictResultSet.getNextRowCore(Unknown Source)
	at org.apache.derby.impl.sql.execute.NestedLoopJoinResultSet.getNextRowCore(Unknown Source)
	at org.apache.derby.impl.sql.execute.ProjectRestrictResultSet.getNextRowCore(Unknown Source)
	at org.apache.derby.impl.sql.execute.RowCountResultSet.getNextRowCore(Unknown Source)
	at org.apache.derby.impl.sql.execute.BasicNoPutResultSetImpl.getNextRow(Unknown Source)
	at org.apache.derby.impl.jdbc.EmbedResultSet.movePosition(Unknown Source)
	at org.apache.derby.impl.jdbc.EmbedResultSet.next(Unknown Source)
	at sun.reflect.GeneratedMethodAccessor87.invoke(Unknown Source)
	at sun.reflect.DelegatingMethodAccessorImpl.invoke(DelegatingMethodAccessorImpl.java:25)
	at java.lang.reflect.Method.invoke(Method.java:597)
	at org.hibernate.engine.jdbc.internal.proxy.AbstractResultSetProxyHandler.continueInvocation(AbstractResultSetProxyHandler.java:104)
	at org.hibernate.engine.jdbc.internal.proxy.AbstractProxyHandler.invoke(AbstractProxyHandler.java:81)
	at $Proxy38.next(Unknown Source)
	at org.hibernate.loader.Loader.doQuery(Loader.java:852)
	at org.hibernate.loader.Loader.doQueryAndInitializeNonLazyCollections(Loader.java:293)
	at org.hibernate.loader.Loader.doList(Loader.java:2382)
	at org.hibernate.loader.Loader.doList(Loader.java:2368)
	at org.hibernate.loader.Loader.listIgnoreQueryCache(Loader.java:2198)
	at org.hibernate.loader.Loader.list(Loader.java:2193)
	at org.hibernate.loader.hql.QueryLoader.list(QueryLoader.java:470)
	at org.hibernate.hql.internal.ast.QueryTranslatorImpl.list(QueryTranslatorImpl.java:355)
	at org.hibernate.engine.query.spi.HQLQueryPlan.performList(HQLQueryPlan.java:195)
	at org.hibernate.internal.SessionImpl.list(SessionImpl.java:1248)
	at org.hibernate.internal.QueryImpl.list(QueryImpl.java:101)
	at org.hibernate.ejb.QueryImpl.getSingleResult(QueryImpl.java:285)
	at net.xclinical.iso11179.Context.find(Context.java:111)
	at sun.reflect.GeneratedMethodAccessor365.invoke(Unknown Source)
	at sun.reflect.DelegatingMethodAccessorImpl.invoke(DelegatingMethodAccessorImpl.java:25)
	at java.lang.reflect.Method.invoke(Method.java:597)
	at net.xclinical.mdt.ast.Function.invoke(Function.java:52)
	at net.xclinical.mdt.ast.Function.get(Function.java:94)
	at net.xclinical.mdt.ast.ExecutionContext.readVariable(ExecutionContext.java:78)
	at net.xclinical.mdt.ast.Rule.getVariable(Rule.java:77)
	at net.xclinical.mdt.ast.ExecutionContext.readVariable(ExecutionContext.java:83)
	at net.xclinical.mdt.ast.Scope.getVariable(Scope.java:16)
	at net.xclinical.mdt.ast.Declaration.getVariable(Declaration.java:60)
	at net.xclinical.mdt.ast.ExecutionContext.getVariable(ExecutionContext.java:61)
	at net.xclinical.mdt.ast.Function.get(Function.java:81)
	at net.xclinical.mdt.ast.Function.invoke(Function.java:39)
	at net.xclinical.mdt.ast.Function.get(Function.java:87)
	at net.xclinical.mdt.ast.Function.execute(Function.java:109)
	at net.xclinical.mdt.ast.Block.executeChildren(Block.java:19)
	at net.xclinical.mdt.ast.Declaration.execute(Declaration.java:88)
	at net.xclinical.mdt.ast.Block.executeChildren(Block.java:19)
	at net.xclinical.mdt.ast.Rule.execute(Rule.java:49)
	at net.xclinical.mdt.ast.Block.executeChildren(Block.java:19)
	at net.xclinical.mdt.ast.BlockReference.execute(BlockReference.java:24)
	at net.xclinical.mdt.ast.Block.executeChildren(Block.java:19)
	at net.xclinical.mdt.ast.Rule.execute(Rule.java:49)
	at net.xclinical.mdt.ast.Block.executeChildren(Block.java:19)
	at net.xclinical.mdt.ast.Rule.execute(Rule.java:49)
	at net.xclinical.mdt.ast.Block.executeChildren(Block.java:19)
	at net.xclinical.mdt.MDTProcessor.process(MDTProcessor.java:130)
	at com.xclinical.mdr.server.impexp.Imports.doImports(Imports.java:35)
	at com.xclinical.mdr.server.impexp.Imports.doImports(Imports.java:49)
	at net.xclinical.iso11179.ext.ImportDocumentCommand.invoke(ImportDocumentCommand.java:26)
	at com.xclinical.mdr.server.command.JsonCommandServlet.doPost(JsonCommandServlet.java:87)
	at javax.servlet.http.HttpServlet.service(HttpServlet.java:755)
	at javax.servlet.http.HttpServlet.service(HttpServlet.java:848)
	at com.google.inject.servlet.ServletDefinition.doService(ServletDefinition.java:263)
	at com.google.inject.servlet.ServletDefinition.service(ServletDefinition.java:178)
	at com.google.inject.servlet.ManagedServletPipeline.service(ManagedServletPipeline.java:91)
	at com.google.inject.servlet.FilterChainInvocation.doFilter(FilterChainInvocation.java:62)
	at com.xclinical.mdr.server.PersistFilter$1$1.call(PersistFilter.java:44)
	at com.xclinical.mdr.server.PersistFilter$1$1.call(PersistFilter.java:1)
	at net.xclinical.iso11179.ext.Session.runInSession(Session.java:121)
	at com.xclinical.mdr.server.PersistFilter$1.call(PersistFilter.java:41)
	at com.xclinical.mdr.server.PersistFilter$1.call(PersistFilter.java:1)
	at com.xclinical.mdr.server.PMF.run(PMF.java:90)
	at com.xclinical.mdr.server.PersistFilter.doFilter(PersistFilter.java:37)
	at com.google.inject.servlet.FilterDefinition.doFilter(FilterDefinition.java:163)
	at com.google.inject.servlet.FilterChainInvocation.doFilter(FilterChainInvocation.java:58)
	at com.google.inject.servlet.ManagedFilterPipeline.dispatch(ManagedFilterPipeline.java:118)
	at com.google.inject.servlet.GuiceFilter.doFilter(GuiceFilter.java:113)
	at org.eclipse.jetty.servlet.ServletHandler$CachedChain.doFilter(ServletHandler.java:1337)
	at org.eclipse.jetty.servlet.ServletHandler.doHandle(ServletHandler.java:486)
	at org.eclipse.jetty.server.handler.ScopedHandler.handle(ScopedHandler.java:119)
	at org.eclipse.jetty.security.SecurityHandler.handle(SecurityHandler.java:483)
	at org.eclipse.jetty.server.session.SessionHandler.doHandle(SessionHandler.java:233)
	at org.eclipse.jetty.server.handler.ContextHandler.doHandle(ContextHandler.java:973)
	at org.eclipse.jetty.servlet.ServletHandler.doScope(ServletHandler.java:417)
	at org.eclipse.jetty.server.session.SessionHandler.doScope(SessionHandler.java:192)
	at org.eclipse.jetty.server.handler.ContextHandler.doScope(ContextHandler.java:907)
	at org.eclipse.jetty.server.handler.ScopedHandler.handle(ScopedHandler.java:117)
	at org.eclipse.jetty.server.handler.ContextHandlerCollection.handle(ContextHandlerCollection.java:250)
	at org.eclipse.jetty.server.handler.HandlerCollection.handle(HandlerCollection.java:149)
	at org.eclipse.jetty.server.handler.HandlerWrapper.handle(HandlerWrapper.java:110)
	at org.eclipse.jetty.server.Server.handle(Server.java:346)
	at org.eclipse.jetty.server.HttpConnection.handleRequest(HttpConnection.java:442)
	at org.eclipse.jetty.server.HttpConnection$RequestHandler.content(HttpConnection.java:941)
	at org.eclipse.jetty.http.HttpParser.parseNext(HttpParser.java:801)
	at org.eclipse.jetty.http.HttpParser.parseAvailable(HttpParser.java:224)
	at org.eclipse.jetty.server.AsyncHttpConnection.handle(AsyncHttpConnection.java:51)
	at org.eclipse.jetty.io.nio.SelectChannelEndPoint.handle(SelectChannelEndPoint.java:586)
	at org.eclipse.jetty.io.nio.SelectChannelEndPoint$1.run(SelectChannelEndPoint.java:44)
	at org.eclipse.jetty.util.thread.QueuedThreadPool.runJob(QueuedThreadPool.java:598)
	at org.eclipse.jetty.util.thread.QueuedThreadPool$3.run(QueuedThreadPool.java:533)
	at java.lang.Thread.run(Thread.java:680)
